1602263775914	geckodriver	INFO	Listening on 127.0.0.1:36441
1602263776935	mozrunner::runner	INFO	Running command: "/usr/bin/firefox" "--marionette" "-foreground" "-no-remote" "-profile" "/tmp/rust_mozprofile4qlQPp"
console.error: SearchCache: "_readCacheFile: Error reading cache file:" (new Error("", "(unknown module)"))
1602263779162	Marionette	INFO	Listening on port 35515
1602263779242	Marionette	WARN	TLS certificate errors will be ignored for this session
Exiting due to channel error.
Exiting due to channel error.
Exiting due to channel error.
1602263795823	geckodriver	INFO	Listening on 127.0.0.1:43291
1602263795826	mozrunner::runner	INFO	Running command: "/usr/bin/firefox" "--marionette" "-foreground" "-no-remote" "-profile" "/tmp/rust_mozprofilem2GAdq"
console.error: SearchCache: "_readCacheFile: Error reading cache file:" (new Error("", "(unknown module)"))
1602263797919	Marionette	INFO	Listening on port 35873
1602263797934	Marionette	WARN	TLS certificate errors will be ignored for this session
IPDL protocol error: Handler returned error code!

###!!! [Parent][DispatchAsyncMessage] Error: PLayerTransaction::Msg_ReleaseLayer Processing error: message was deserialized, but the handler returned false (indicating failure)

IPDL protocol error: Handler returned error code!

###!!! [Parent][DispatchAsyncMessage] Error: PLayerTransaction::Msg_ReleaseLayer Processing error: message was deserialized, but the handler returned false (indicating failure)

IPDL protocol error: Handler returned error code!

###!!! [Parent][DispatchAsyncMessage] Error: PLayerTransaction::Msg_ReleaseLayer Processing error: message was deserialized, but the handler returned false (indicating failure)

IPDL protocol error: Handler returned error code!

###!!! [Parent][DispatchAsyncMessage] Error: PLayerTransaction::Msg_ReleaseLayer Processing error: message was deserialized, but the handler returned false (indicating failure)

IPDL protocol error: Handler returned error code!

###!!! [Parent][DispatchAsyncMessage] Error: PLayerTransaction::Msg_ReleaseLayer Processing error: message was deserialized, but the handler returned false (indicating failure)

IPDL protocol error: Handler returned error code!

###!!! [Parent][DispatchAsyncMessage] Error: PLayerTransaction::Msg_ReleaseLayer Processing error: message was deserialized, but the handler returned false (indicating failure)

IPDL protocol error: Handler returned error code!

###!!! [Parent][DispatchAsyncMessage] Error: PLayerTransaction::Msg_ReleaseLayer Processing error: message was deserialized, but the handler returned false (indicating failure)

1602263895172	Marionette	INFO	Stopped listening on port 35873
1602263896036	geckodriver	INFO	Listening on 127.0.0.1:33971
1602263896039	mozrunner::runner	INFO	Running command: "/usr/bin/firefox" "--marionette" "-foreground" "-no-remote" "-profile" "/tmp/rust_mozprofileL9qyUC"
console.error: SearchCache: "_readCacheFile: Error reading cache file:" (new Error("", "(unknown module)"))
1602263898090	Marionette	INFO	Listening on port 41087
1602263898144	Marionette	WARN	TLS certificate errors will be ignored for this session
1602263959603	geckodriver	INFO	Listening on 127.0.0.1:54043
1602263959605	mozrunner::runner	INFO	Running command: "/usr/bin/firefox" "--marionette" "-foreground" "-no-remote" "-profile" "/tmp/rust_mozprofileWc11tB"
console.error: SearchCache: "_readCacheFile: Error reading cache file:" (new Error("", "(unknown module)"))
1602263961691	Marionette	INFO	Listening on port 46387
1602263961712	Marionette	WARN	TLS certificate errors will be ignored for this session
1602263980532	geckodriver	INFO	Listening on 127.0.0.1:37373
1602263980534	mozrunner::runner	INFO	Running command: "/usr/bin/firefox" "--marionette" "-foreground" "-no-remote" "-profile" "/tmp/rust_mozprofileWnkyFo"
console.error: SearchCache: "_readCacheFile: Error reading cache file:" (new Error("", "(unknown module)"))
1602263982462	Marionette	INFO	Listening on port 39181
1602263982542	Marionette	WARN	TLS certificate errors will be ignored for this session
1602264201054	geckodriver	INFO	Listening on 127.0.0.1:60843
1602264201057	mozrunner::runner	INFO	Running command: "/usr/bin/firefox" "--marionette" "-foreground" "-no-remote" "-profile" "/tmp/rust_mozprofile4g2jMh"
console.error: SearchCache: "_readCacheFile: Error reading cache file:" (new Error("", "(unknown module)"))
1602264203248	Marionette	INFO	Listening on port 45897
1602264203263	Marionette	WARN	TLS certificate errors will be ignored for this session
Exiting due to channel error.
Exiting due to channel error.
Exiting due to channel error.
1602264303508	geckodriver	INFO	Listening on 127.0.0.1:39625
1602264303510	mozrunner::runner	INFO	Running command: "/usr/bin/firefox" "--marionette" "-foreground" "-no-remote" "-profile" "/tmp/rust_mozprofileXYz6et"
console.error: SearchCache: "_readCacheFile: Error reading cache file:" (new Error("", "(unknown module)"))
1602264305564	Marionette	INFO	Listening on port 39221
1602264305616	Marionette	WARN	TLS certificate errors will be ignored for this session
1602264336801	geckodriver	INFO	Listening on 127.0.0.1:59779
1602264336803	mozrunner::runner	INFO	Running command: "/usr/bin/firefox" "--marionette" "-foreground" "-no-remote" "-profile" "/tmp/rust_mozprofileUZpoS4"
console.error: SearchCache: "_readCacheFile: Error reading cache file:" (new Error("", "(unknown module)"))
1602264338920	Marionette	INFO	Listening on port 37191
1602264339009	Marionette	WARN	TLS certificate errors will be ignored for this session
Exiting due to channel error.
Exiting due to channel error.
Exiting due to channel error.
1602264409399	geckodriver	INFO	Listening on 127.0.0.1:40359
1602264409402	mozrunner::runner	INFO	Running command: "/usr/bin/firefox" "--marionette" "-foreground" "-no-remote" "-profile" "/tmp/rust_mozprofilemi7dRe"
console.error: SearchCache: "_readCacheFile: Error reading cache file:" (new Error("", "(unknown module)"))
1602264411440	Marionette	INFO	Listening on port 35821
1602264411514	Marionette	WARN	TLS certificate errors will be ignored for this session
1602264631070	geckodriver	INFO	Listening on 127.0.0.1:55653
1602264631073	mozrunner::runner	INFO	Running command: "/usr/bin/firefox" "--marionette" "-foreground" "-no-remote" "-profile" "/tmp/rust_mozprofilefCg7pq"
console.error: SearchCache: "_readCacheFile: Error reading cache file:" (new Error("", "(unknown module)"))
1602264633111	Marionette	INFO	Listening on port 37351
1602264633179	Marionette	WARN	TLS certificate errors will be ignored for this session
1602264656678	geckodriver	INFO	Listening on 127.0.0.1:48941
1602264656681	mozrunner::runner	INFO	Running command: "/usr/bin/firefox" "--marionette" "-foreground" "-no-remote" "-profile" "/tmp/rust_mozprofileiTMKCQ"
console.error: SearchCache: "_readCacheFile: Error reading cache file:" (new Error("", "(unknown module)"))
1602264658747	Marionette	INFO	Listening on port 33557
1602264658786	Marionette	WARN	TLS certificate errors will be ignored for this session
1602264737240	Marionette	INFO	Stopped listening on port 33557
1602264738279	geckodriver	INFO	Listening on 127.0.0.1:56861
1602264738282	mozrunner::runner	INFO	Running command: "/usr/bin/firefox" "--marionette" "-foreground" "-no-remote" "-profile" "/tmp/rust_mozprofilen27bKX"
console.error: SearchCache: "_readCacheFile: Error reading cache file:" (new Error("", "(unknown module)"))
1602264740381	Marionette	INFO	Listening on port 35707
1602264740391	Marionette	WARN	TLS certificate errors will be ignored for this session
1602264744231	Marionette	INFO	Stopped listening on port 35707
1602264788831	geckodriver	INFO	Listening on 127.0.0.1:38737
1602264788833	mozrunner::runner	INFO	Running command: "/usr/bin/firefox" "--marionette" "-foreground" "-no-remote" "-profile" "/tmp/rust_mozprofileCn9ysz"
console.error: SearchCache: "_readCacheFile: Error reading cache file:" (new Error("", "(unknown module)"))
1602264790860	Marionette	INFO	Listening on port 39265
1602264790942	Marionette	WARN	TLS certificate errors will be ignored for this session
1602264794877	Marionette	INFO	Stopped listening on port 39265
1602264801550	geckodriver	INFO	Listening on 127.0.0.1:34903
1602264801552	mozrunner::runner	INFO	Running command: "/usr/bin/firefox" "--marionette" "-foreground" "-no-remote" "-profile" "/tmp/rust_mozprofile8V4o73"
console.error: SearchCache: "_readCacheFile: Error reading cache file:" (new Error("", "(unknown module)"))
1602264803743	Marionette	INFO	Listening on port 38457
1602264803767	Marionette	WARN	TLS certificate errors will be ignored for this session
1602264807590	Marionette	INFO	Stopped listening on port 38457
1602264855421	Marionette	INFO	Stopped listening on port 37351
1602264859033	Marionette	INFO	Stopped listening on port 35821
1602264889006	Marionette	INFO	Stopped listening on port 39221
IPDL protocol error: Handler returned error code!

###!!! [Parent][DispatchAsyncMessage] Error: PLayerTransaction::Msg_ReleaseLayer Processing error: message was deserialized, but the handler returned false (indicating failure)

IPDL protocol error: Handler returned error code!

###!!! [Parent][DispatchAsyncMessage] Error: PLayerTransaction::Msg_ReleaseLayer Processing error: message was deserialized, but the handler returned false (indicating failure)

IPDL protocol error: Handler returned error code!

###!!! [Parent][DispatchAsyncMessage] Error: PLayerTransaction::Msg_ReleaseLayer Processing error: message was deserialized, but the handler returned false (indicating failure)

IPDL protocol error: Handler returned error code!

###!!! [Parent][DispatchAsyncMessage] Error: PLayerTransaction::Msg_ReleaseLayer Processing error: message was deserialized, but the handler returned false (indicating failure)

IPDL protocol error: Handler returned error code!

###!!! [Parent][DispatchAsyncMessage] Error: PLayerTransaction::Msg_ReleaseLayer Processing error: message was deserialized, but the handler returned false (indicating failure)

IPDL protocol error: Handler returned error code!

###!!! [Parent][DispatchAsyncMessage] Error: PLayerTransaction::Msg_ReleaseLayer Processing error: message was deserialized, but the handler returned false (indicating failure)

IPDL protocol error: Handler returned error code!

###!!! [Parent][DispatchAsyncMessage] Error: PLayerTransaction::Msg_ReleaseLayer Processing error: message was deserialized, but the handler returned false (indicating failure)

IPDL protocol error: Handler returned error code!

###!!! [Parent][DispatchAsyncMessage] Error: PLayerTransaction::Msg_ReleaseLayer Processing error: message was deserialized, but the handler returned false (indicating failure)

IPDL protocol error: Handler returned error code!

###!!! [Parent][DispatchAsyncMessage] Error: PLayerTransaction::Msg_ReleaseLayer Processing error: message was deserialized, but the handler returned false (indicating failure)

IPDL protocol error: Handler returned error code!

###!!! [Parent][DispatchAsyncMessage] Error: PLayerTransaction::Msg_ReleaseLayer Processing error: message was deserialized, but the handler returned false (indicating failure)

IPDL protocol error: Handler returned error code!

###!!! [Parent][DispatchAsyncMessage] Error: PLayerTransaction::Msg_ReleaseLayer Processing error: message was deserialized, but the handler returned false (indicating failure)

IPDL protocol error: Handler returned error code!

###!!! [Parent][DispatchAsyncMessage] Error: PLayerTransaction::Msg_ReleaseLayer Processing error: message was deserialized, but the handler returned false (indicating failure)

IPDL protocol error: Handler returned error code!

###!!! [Parent][DispatchAsyncMessage] Error: PLayerTransaction::Msg_ReleaseLayer Processing error: message was deserialized, but the handler returned false (indicating failure)

IPDL protocol error: Handler returned error code!

###!!! [Parent][DispatchAsyncMessage] Error: PLayerTransaction::Msg_ReleaseLayer Processing error: message was deserialized, but the handler returned false (indicating failure)

1602264891372	Marionette	INFO	Stopped listening on port 46387
1602264891479	Marionette	INFO	Stopped listening on port 41087
1602264891531	Marionette	INFO	Stopped listening on port 39181
1602265984856	geckodriver	INFO	Listening on 127.0.0.1:54985
1602265984859	mozrunner::runner	INFO	Running command: "/usr/bin/firefox" "--marionette" "-foreground" "-no-remote" "-profile" "/tmp/rust_mozprofilex90DLs"
console.error: SearchCache: "_readCacheFile: Error reading cache file:" (new Error("", "(unknown module)"))
1602265986794	Marionette	INFO	Listening on port 34051
1602265986864	Marionette	WARN	TLS certificate errors will be ignored for this session
1602265990822	Marionette	INFO	Stopped listening on port 34051
1602267102271	geckodriver	INFO	Listening on 127.0.0.1:44509
1602267102273	mozrunner::runner	INFO	Running command: "/usr/bin/firefox" "--marionette" "-foreground" "-no-remote" "-profile" "/tmp/rust_mozprofileRLTcIz"
console.error: SearchCache: "_readCacheFile: Error reading cache file:" (new Error("", "(unknown module)"))
1602267104256	Marionette	INFO	Listening on port 35245
1602267104287	Marionette	WARN	TLS certificate errors will be ignored for this session
1602267108189	Marionette	INFO	Stopped listening on port 35245
1602267230740	geckodriver	INFO	Listening on 127.0.0.1:45461
1602267230743	mozrunner::runner	INFO	Running command: "/usr/bin/firefox" "--marionette" "-foreground" "-no-remote" "-profile" "/tmp/rust_mozprofileItjdxT"
console.error: SearchCache: "_readCacheFile: Error reading cache file:" (new Error("", "(unknown module)"))
1602267233079	Marionette	INFO	Listening on port 38117
1602267233149	Marionette	WARN	TLS certificate errors will be ignored for this session
1602267237538	Marionette	INFO	Stopped listening on port 38117
1602347110446	geckodriver	INFO	Listening on 127.0.0.1:56683
1602347111461	mozrunner::runner	INFO	Running command: "/usr/bin/firefox" "--marionette" "-foreground" "-no-remote" "-profile" "/tmp/rust_mozprofile5a5wOZ"
console.error: SearchCache: "_readCacheFile: Error reading cache file:" (new Error("", "(unknown module)"))
1602347113668	Marionette	INFO	Listening on port 41241
1602347113768	Marionette	WARN	TLS certificate errors will be ignored for this session
1602347119038	Marionette	INFO	Stopped listening on port 41241
1602347161058	geckodriver	INFO	Listening on 127.0.0.1:45159
1602347161061	mozrunner::runner	INFO	Running command: "/usr/bin/firefox" "--marionette" "-foreground" "-no-remote" "-profile" "/tmp/rust_mozprofilegK14uM"
console.error: SearchCache: "_readCacheFile: Error reading cache file:" (new Error("", "(unknown module)"))
1602347163020	Marionette	INFO	Listening on port 35183
1602347163078	Marionette	WARN	TLS certificate errors will be ignored for this session
1602347168019	Marionette	INFO	Stopped listening on port 35183
1602347269437	geckodriver	INFO	Listening on 127.0.0.1:33279
1602347269440	mozrunner::runner	INFO	Running command: "/usr/bin/firefox" "--marionette" "-foreground" "-no-remote" "-profile" "/tmp/rust_mozprofileN645vI"
console.error: SearchCache: "_readCacheFile: Error reading cache file:" (new Error("", "(unknown module)"))
1602347271521	Marionette	INFO	Listening on port 34329
1602347271556	Marionette	WARN	TLS certificate errors will be ignored for this session
console.warn: services.settings: main/partitioning-exempt-urls sync interrupted by shutdown
1602347272960	Marionette	INFO	Stopped listening on port 34329
1602347545691	geckodriver	INFO	Listening on 127.0.0.1:57409
1602347545694	mozrunner::runner	INFO	Running command: "/usr/bin/firefox" "--marionette" "-foreground" "-no-remote" "-profile" "/tmp/rust_mozprofileoSWmEa"
console.error: SearchCache: "_readCacheFile: Error reading cache file:" (new Error("", "(unknown module)"))
1602347547763	Marionette	INFO	Listening on port 40407
1602347547800	Marionette	WARN	TLS certificate errors will be ignored for this session
1602347552540	Marionette	INFO	Stopped listening on port 40407
1602347573089	geckodriver	INFO	Listening on 127.0.0.1:45539
1602347573092	mozrunner::runner	INFO	Running command: "/usr/bin/firefox" "--marionette" "-foreground" "-no-remote" "-profile" "/tmp/rust_mozprofilewyiVSt"
console.error: SearchCache: "_readCacheFile: Error reading cache file:" (new Error("", "(unknown module)"))
1602347575168	Marionette	INFO	Listening on port 35077
1602347575206	Marionette	WARN	TLS certificate errors will be ignored for this session
1602347580464	Marionette	INFO	Stopped listening on port 35077
1602347663657	geckodriver	INFO	Listening on 127.0.0.1:35665
1602347663661	mozrunner::runner	INFO	Running command: "/usr/bin/firefox" "--marionette" "-foreground" "-no-remote" "-profile" "/tmp/rust_mozprofile6oeScP"
console.error: SearchCache: "_readCacheFile: Error reading cache file:" (new Error("", "(unknown module)"))
Exiting due to channel error.
Exiting due to channel error.
1602347665735	geckodriver	INFO	Listening on 127.0.0.1:37727
1602347665738	mozrunner::runner	INFO	Running command: "/usr/bin/firefox" "--marionette" "-foreground" "-no-remote" "-profile" "/tmp/rust_mozprofileukoBiv"
console.error: SearchCache: "_readCacheFile: Error reading cache file:" (new Error("", "(unknown module)"))
1602347667928	Marionette	INFO	Listening on port 35895
1602347667946	Marionette	WARN	TLS certificate errors will be ignored for this session
1602347672712	Marionette	INFO	Stopped listening on port 35895
1602349207350	geckodriver	INFO	Listening on 127.0.0.1:41283
1602349207353	mozrunner::runner	INFO	Running command: "/usr/bin/firefox" "--marionette" "-foreground" "-no-remote" "-profile" "/tmp/rust_mozprofileYwz52m"
console.error: SearchCache: "_readCacheFile: Error reading cache file:" (new Error("", "(unknown module)"))
1602349209393	Marionette	INFO	Listening on port 35527
1602349209459	Marionette	WARN	TLS certificate errors will be ignored for this session
1602349214371	Marionette	INFO	Stopped listening on port 35527
1602349266503	geckodriver	INFO	Listening on 127.0.0.1:46925
1602349266506	mozrunner::runner	INFO	Running command: "/usr/bin/firefox" "--marionette" "-foreground" "-no-remote" "-profile" "/tmp/rust_mozprofileuZs5J8"
console.error: SearchCache: "_readCacheFile: Error reading cache file:" (new Error("", "(unknown module)"))
1602349268614	Marionette	INFO	Listening on port 37337
1602349268711	Marionette	WARN	TLS certificate errors will be ignored for this session
1602349273706	Marionette	INFO	Stopped listening on port 37337
1602350200238	geckodriver	INFO	Listening on 127.0.0.1:38701
1602350200241	mozrunner::runner	INFO	Running command: "/usr/bin/firefox" "--marionette" "-foreground" "-no-remote" "-profile" "/tmp/rust_mozprofiles6xLfL"
console.error: SearchCache: "_readCacheFile: Error reading cache file:" (new Error("", "(unknown module)"))
1602350202405	Marionette	INFO	Listening on port 46627
1602350202447	Marionette	WARN	TLS certificate errors will be ignored for this session
1602350207852	Marionette	INFO	Stopped listening on port 46627
1602350348173	geckodriver	INFO	Listening on 127.0.0.1:48295
1602350348175	mozrunner::runner	INFO	Running command: "/usr/bin/firefox" "--marionette" "-foreground" "-no-remote" "-profile" "/tmp/rust_mozprofilea6kHFJ"
console.error: SearchCache: "_readCacheFile: Error reading cache file:" (new Error("", "(unknown module)"))
1602350350315	Marionette	INFO	Listening on port 38333
1602350350385	Marionette	WARN	TLS certificate errors will be ignored for this session
1602350355548	Marionette	INFO	Stopped listening on port 38333
1602350359472	geckodriver	INFO	Listening on 127.0.0.1:39403
1602350359474	mozrunner::runner	INFO	Running command: "/usr/bin/firefox" "--marionette" "-foreground" "-no-remote" "-profile" "/tmp/rust_mozprofilegbIFqo"
console.error: SearchCache: "_readCacheFile: Error reading cache file:" (new Error("", "(unknown module)"))
1602350361685	Marionette	INFO	Listening on port 44059
1602350361781	Marionette	WARN	TLS certificate errors will be ignored for this session
1602350366802	Marionette	INFO	Stopped listening on port 44059
1602350873544	geckodriver	INFO	Listening on 127.0.0.1:49277
1602350873547	mozrunner::runner	INFO	Running command: "/usr/bin/firefox" "--marionette" "-headless" "-foreground" "-no-remote" "-profile" "/tmp/rust_mozprofilet490MU"
*** You are running in headless mode.
console.error: SearchCache: "_readCacheFile: Error reading cache file:" (new Error("", "(unknown module)"))
1602350875046	Marionette	INFO	Listening on port 42749
1602350875099	Marionette	WARN	TLS certificate errors will be ignored for this session
1602350894396	geckodriver	INFO	Listening on 127.0.0.1:32975
1602350894398	mozrunner::runner	INFO	Running command: "/usr/bin/firefox" "--marionette" "-headless" "-foreground" "-no-remote" "-profile" "/tmp/rust_mozprofilemI0w1V"
*** You are running in headless mode.
console.error: SearchCache: "_readCacheFile: Error reading cache file:" (new Error("", "(unknown module)"))
1602350896321	Marionette	INFO	Listening on port 41681
1602350896407	Marionette	WARN	TLS certificate errors will be ignored for this session
1602350901424	Marionette	INFO	Stopped listening on port 41681
1602351021469	geckodriver	INFO	Listening on 127.0.0.1:37787
1602351021474	mozrunner::runner	INFO	Running command: "/usr/bin/firefox" "--marionette" "-headless" "-foreground" "-no-remote" "-profile" "/tmp/rust_mozprofileWn2gP2"
*** You are running in headless mode.
console.error: SearchCache: "_readCacheFile: Error reading cache file:" (new Error("", "(unknown module)"))
1602351022966	Marionette	INFO	Listening on port 43195
1602351023012	Marionette	WARN	TLS certificate errors will be ignored for this session
1602351024882	Marionette	INFO	Stopped listening on port 43195
JavaScript error: resource:///modules/FaviconLoader.jsm, line 582: InvalidStateError: An attempt was made to use an object that is not, or is no longer, usable
1602351037704	geckodriver	INFO	Listening on 127.0.0.1:47767
1602351037709	mozrunner::runner	INFO	Running command: "/usr/bin/firefox" "--marionette" "-headless" "-foreground" "-no-remote" "-profile" "/tmp/rust_mozprofileKF28AF"
*** You are running in headless mode.
console.error: SearchCache: "_readCacheFile: Error reading cache file:" (new Error("", "(unknown module)"))
1602351039280	Marionette	INFO	Listening on port 41927
1602351039344	Marionette	WARN	TLS certificate errors will be ignored for this session
JavaScript error: resource://gre/actors/AutoCompleteChild.jsm, line 235: Error: Invalid autocomplete selectedIndex
JavaScript error: resource://gre/actors/AutoCompleteChild.jsm, line 235: Error: Invalid autocomplete selectedIndex
JavaScript error: resource://gre/modules/LoginManagerChild.jsm, line 190: NS_ERROR_XPC_JAVASCRIPT_ERROR_WITH_DETAILS: [JavaScript Error: "Invalid autocomplete selectedIndex" {file: "resource://gre/actors/AutoCompleteChild.jsm" line: 235}]'[JavaScript Error: "Invalid autocomplete selectedIndex" {file: "resource://gre/actors/AutoCompleteChild.jsm" line: 235}]' when calling method: [nsIAutoCompletePopup::selectedIndex]
1602351044529	Marionette	INFO	Stopped listening on port 41927
1602351354289	geckodriver	INFO	Listening on 127.0.0.1:36293
1602351354293	mozrunner::runner	INFO	Running command: "/usr/bin/firefox" "--marionette" "-headless" "-foreground" "-no-remote" "-profile" "/tmp/rust_mozprofilevVkuBv"
*** You are running in headless mode.
console.error: SearchCache: "_readCacheFile: Error reading cache file:" (new Error("", "(unknown module)"))
1602351356195	Marionette	INFO	Listening on port 37653
1602351356200	Marionette	WARN	TLS certificate errors will be ignored for this session
JavaScript error: resource://gre/actors/AutoCompleteChild.jsm, line 235: Error: Invalid autocomplete selectedIndex
JavaScript error: resource://gre/actors/AutoCompleteChild.jsm, line 235: Error: Invalid autocomplete selectedIndex
JavaScript error: resource://gre/modules/LoginManagerChild.jsm, line 190: NS_ERROR_XPC_JAVASCRIPT_ERROR_WITH_DETAILS: [JavaScript Error: "Invalid autocomplete selectedIndex" {file: "resource://gre/actors/AutoCompleteChild.jsm" line: 235}]'[JavaScript Error: "Invalid autocomplete selectedIndex" {file: "resource://gre/actors/AutoCompleteChild.jsm" line: 235}]' when calling method: [nsIAutoCompletePopup::selectedIndex]
1602351361322	Marionette	INFO	Stopped listening on port 37653
